<?xml version="1.0" encoding="UTF-8"?>
<testng-results skipped="0" failed="1" ignored="2" total="3" passed="0">
  <reporter-output>
  </reporter-output>
  <suite name="login case" duration-ms="10911" started-at="2018-11-23T02:39:32Z" finished-at="2018-11-23T02:39:43Z">
    <groups>
    </groups>
    <test name="login" duration-ms="10911" started-at="2018-11-23T02:39:32Z" finished-at="2018-11-23T02:39:43Z">
      <class name="com.okjiaoyu.qa.teacherspace.cases.BaseCase">
        <test-method status="PASS" signature="initHelper()[pri:0, instance:com.okjiaoyu.qa.teacherspace.cases.BaseCase@763d9750]" name="initHelper" is-config="true" duration-ms="2671" started-at="2018-11-23T10:39:30Z" finished-at="2018-11-23T10:39:32Z">
          <reporter-output>
          </reporter-output>
        </test-method> <!-- initHelper -->
        <test-method status="PASS" signature="close()[pri:0, instance:com.okjiaoyu.qa.teacherspace.cases.BaseCase@763d9750]" name="close" is-config="true" duration-ms="91" started-at="2018-11-23T10:39:43Z" finished-at="2018-11-23T10:39:43Z">
          <reporter-output>
          </reporter-output>
        </test-method> <!-- close -->
      </class> <!-- com.okjiaoyu.qa.teacherspace.cases.BaseCase -->
      <class name="com.okjiaoyu.qa.teacherspace.cases.LoginCase">
        <test-method status="FAIL" signature="getUrl()[pri:0, instance:com.okjiaoyu.qa.teacherspace.cases.LoginCase@5c0369c4]" name="getUrl" duration-ms="10894" started-at="2018-11-23T10:39:32Z" finished-at="2018-11-23T10:39:43Z">
          <exception class="org.openqa.selenium.TimeoutException">
            <message>
              <![CDATA[org.openqa.selenium.TimeoutException: Timed out after 10 seconds waiting for com.okjiaoyu.qa.teacherspace.BaseOperate$1@24569dba
Build info: version: 'unknown', revision: 'unknown', time: 'unknown'
System info: host: 'liuzhanhuideMacBook-Air.local', ip: '172.16.20.198', os.name: 'Mac OS X', os.arch: 'x86_64', os.version: '10.12.6', java.version: '1.8.0_152'
Driver info: org.openqa.selenium.chrome.ChromeDriver
Capabilities [{mobileEmulationEnabled=false, hasTouchScreen=false, platform=MAC, acceptSslCerts=false, goog:chromeOptions={debuggerAddress=localhost:52506}, acceptInsecureCerts=false, webStorageEnabled=true, browserName=chrome, takesScreenshot=true, javascriptEnabled=true, setWindowRect=true, unexpectedAlertBehaviour=, applicationCacheEnabled=false, rotatable=false, networkConnectionEnabled=false, chrome={chromedriverVersion=2.41.578706 (5f725d1b4f0a4acbf5259df887244095596231db), userDataDir=/var/folders/w8/wg1dpxds16gd03ny1kxf10b00000gn/T/.org.chromium.Chromium.fGRQKM}, takesHeapSnapshot=true, pageLoadStrategy=normal, databaseEnabled=false, handlesAlerts=true, version=70.0.3538.102, browserConnectionEnabled=false, nativeEvents=true, locationContextEnabled=true, cssSelectorsEnabled=true}]
Session ID: d3c7ec5c28c02372c7574688a694a563
Build info: version: 'unknown', revision: 'unknown', time: 'unknown'
System info: host: 'liuzhanhuideMacBook-Air.local', ip: '172.16.20.198', os.name: 'Mac OS X', os.arch: 'x86_64', os.version: '10.12.6', java.version: '1.8.0_152'
Driver info: driver.version: unknown]]>
            </message>
            <full-stacktrace>
              <![CDATA[org.openqa.selenium.TimeoutException: org.openqa.selenium.TimeoutException: Timed out after 10 seconds waiting for com.okjiaoyu.qa.teacherspace.BaseOperate$1@24569dba
Build info: version: 'unknown', revision: 'unknown', time: 'unknown'
System info: host: 'liuzhanhuideMacBook-Air.local', ip: '172.16.20.198', os.name: 'Mac OS X', os.arch: 'x86_64', os.version: '10.12.6', java.version: '1.8.0_152'
Driver info: org.openqa.selenium.chrome.ChromeDriver
Capabilities [{mobileEmulationEnabled=false, hasTouchScreen=false, platform=MAC, acceptSslCerts=false, goog:chromeOptions={debuggerAddress=localhost:52506}, acceptInsecureCerts=false, webStorageEnabled=true, browserName=chrome, takesScreenshot=true, javascriptEnabled=true, setWindowRect=true, unexpectedAlertBehaviour=, applicationCacheEnabled=false, rotatable=false, networkConnectionEnabled=false, chrome={chromedriverVersion=2.41.578706 (5f725d1b4f0a4acbf5259df887244095596231db), userDataDir=/var/folders/w8/wg1dpxds16gd03ny1kxf10b00000gn/T/.org.chromium.Chromium.fGRQKM}, takesHeapSnapshot=true, pageLoadStrategy=normal, databaseEnabled=false, handlesAlerts=true, version=70.0.3538.102, browserConnectionEnabled=false, nativeEvents=true, locationContextEnabled=true, cssSelectorsEnabled=true}]
Session ID: d3c7ec5c28c02372c7574688a694a563
Build info: version: 'unknown', revision: 'unknown', time: 'unknown'
System info: host: 'liuzhanhuideMacBook-Air.local', ip: '172.16.20.198', os.name: 'Mac OS X', os.arch: 'x86_64', os.version: '10.12.6', java.version: '1.8.0_152'
Driver info: driver.version: unknown
	at com.okjiaoyu.qa.teacherspace.BaseOperate.waitforElement(BaseOperate.java:113)
	at com.okjiaoyu.qa.teacherspace.BaseOperate.isPrentElement(BaseOperate.java:136)
	at com.okjiaoyu.qa.teacherspace.page.login.LoginPage.newPasswordEdit(LoginPage.java:30)
	at com.okjiaoyu.qa.teacherspace.service.common.Login.checkLogin(Login.java:25)
	at com.okjiaoyu.qa.teacherspace.cases.LoginCase.getUrl(LoginCase.java:24)
	at sun.reflect.NativeMethodAccessorImpl.invoke0(Native Method)
	at sun.reflect.NativeMethodAccessorImpl.invoke(NativeMethodAccessorImpl.java:62)
	at sun.reflect.DelegatingMethodAccessorImpl.invoke(DelegatingMethodAccessorImpl.java:43)
	at java.lang.reflect.Method.invoke(Method.java:498)
	at org.testng.internal.MethodInvocationHelper.invokeMethod(MethodInvocationHelper.java:108)
	at org.testng.internal.Invoker.invokeMethod(Invoker.java:661)
	at org.testng.internal.Invoker.invokeTestMethod(Invoker.java:869)
	at org.testng.internal.Invoker.invokeTestMethods(Invoker.java:1193)
	at org.testng.internal.TestMethodWorker.invokeTestMethods(TestMethodWorker.java:126)
	at org.testng.internal.TestMethodWorker.run(TestMethodWorker.java:109)
	at org.testng.TestRunner.privateRun(TestRunner.java:744)
	at org.testng.TestRunner.run(TestRunner.java:602)
	at org.testng.SuiteRunner.runTest(SuiteRunner.java:380)
	at org.testng.SuiteRunner.runSequentially(SuiteRunner.java:375)
	at org.testng.SuiteRunner.privateRun(SuiteRunner.java:340)
	at org.testng.SuiteRunner.run(SuiteRunner.java:289)
	at org.testng.SuiteRunnerWorker.runSuite(SuiteRunnerWorker.java:52)
	at org.testng.SuiteRunnerWorker.run(SuiteRunnerWorker.java:86)
	at org.testng.TestNG.runSuitesSequentially(TestNG.java:1301)
	at org.testng.TestNG.runSuitesLocally(TestNG.java:1226)
	at org.testng.TestNG.runSuites(TestNG.java:1144)
	at org.testng.TestNG.run(TestNG.java:1115)
	at org.testng.TestNG.privateMain(TestNG.java:1442)
	at com.okjiaoyu.qa.teacherspace.main.MainTest.main(MainTest.java:14)
Caused by: org.openqa.selenium.TimeoutException: Timed out after 10 seconds waiting for com.okjiaoyu.qa.teacherspace.BaseOperate$1@24569dba
Build info: version: 'unknown', revision: 'unknown', time: 'unknown'
System info: host: 'liuzhanhuideMacBook-Air.local', ip: '172.16.20.198', os.name: 'Mac OS X', os.arch: 'x86_64', os.version: '10.12.6', java.version: '1.8.0_152'
Driver info: org.openqa.selenium.chrome.ChromeDriver
Capabilities [{mobileEmulationEnabled=false, hasTouchScreen=false, platform=MAC, acceptSslCerts=false, goog:chromeOptions={debuggerAddress=localhost:52506}, acceptInsecureCerts=false, webStorageEnabled=true, browserName=chrome, takesScreenshot=true, javascriptEnabled=true, setWindowRect=true, unexpectedAlertBehaviour=, applicationCacheEnabled=false, rotatable=false, networkConnectionEnabled=false, chrome={chromedriverVersion=2.41.578706 (5f725d1b4f0a4acbf5259df887244095596231db), userDataDir=/var/folders/w8/wg1dpxds16gd03ny1kxf10b00000gn/T/.org.chromium.Chromium.fGRQKM}, takesHeapSnapshot=true, pageLoadStrategy=normal, databaseEnabled=false, handlesAlerts=true, version=70.0.3538.102, browserConnectionEnabled=false, nativeEvents=true, locationContextEnabled=true, cssSelectorsEnabled=true}]
Session ID: d3c7ec5c28c02372c7574688a694a563
	at org.openqa.selenium.support.ui.WebDriverWait.timeoutException(WebDriverWait.java:80)
	at org.openqa.selenium.support.ui.FluentWait.until(FluentWait.java:261)
	at com.okjiaoyu.qa.teacherspace.BaseOperate.waitforElement(BaseOperate.java:78)
	... 28 more
Caused by: org.openqa.selenium.NoSuchElementException: no such element: Unable to locate element: {"method":"id","selector":"new-password"}
  (Session info: chrome=70.0.3538.102)
  (Driver info: chromedriver=2.41.578706 (5f725d1b4f0a4acbf5259df887244095596231db),platform=Mac OS X 10.12.6 x86_64) (WARNING: The server did not provide any stacktrace information)
Command duration or timeout: 15 milliseconds
For documentation on this error, please visit: http://seleniumhq.org/exceptions/no_such_element.html
Build info: version: 'unknown', revision: 'unknown', time: 'unknown'
System info: host: 'liuzhanhuideMacBook-Air.local', ip: '172.16.20.198', os.name: 'Mac OS X', os.arch: 'x86_64', os.version: '10.12.6', java.version: '1.8.0_152'
Driver info: org.openqa.selenium.chrome.ChromeDriver
Capabilities [{mobileEmulationEnabled=false, hasTouchScreen=false, platform=MAC, acceptSslCerts=false, goog:chromeOptions={debuggerAddress=localhost:52506}, acceptInsecureCerts=false, webStorageEnabled=true, browserName=chrome, takesScreenshot=true, javascriptEnabled=true, setWindowRect=true, unexpectedAlertBehaviour=, applicationCacheEnabled=false, rotatable=false, networkConnectionEnabled=false, chrome={chromedriverVersion=2.41.578706 (5f725d1b4f0a4acbf5259df887244095596231db), userDataDir=/var/folders/w8/wg1dpxds16gd03ny1kxf10b00000gn/T/.org.chromium.Chromium.fGRQKM}, takesHeapSnapshot=true, pageLoadStrategy=normal, databaseEnabled=false, handlesAlerts=true, version=70.0.3538.102, browserConnectionEnabled=false, nativeEvents=true, locationContextEnabled=true, cssSelectorsEnabled=true}]
Session ID: d3c7ec5c28c02372c7574688a694a563
*** Element info: {Using=id, value=new-password}
	at sun.reflect.GeneratedConstructorAccessor11.newInstance(Unknown Source)
	at sun.reflect.DelegatingConstructorAccessorImpl.newInstance(DelegatingConstructorAccessorImpl.java:45)
	at java.lang.reflect.Constructor.newInstance(Constructor.java:423)
	at org.openqa.selenium.remote.ErrorHandler.createThrowable(ErrorHandler.java:206)
	at org.openqa.selenium.remote.ErrorHandler.throwIfResponseFailed(ErrorHandler.java:158)
	at org.openqa.selenium.remote.RemoteWebDriver.execute(RemoteWebDriver.java:678)
	at org.openqa.selenium.remote.RemoteWebDriver.findElement(RemoteWebDriver.java:363)
	at org.openqa.selenium.remote.RemoteWebDriver.findElementById(RemoteWebDriver.java:413)
	at org.openqa.selenium.By$ById.findElement(By.java:218)
	at org.openqa.selenium.remote.RemoteWebDriver.findElement(RemoteWebDriver.java:355)
	at com.okjiaoyu.qa.teacherspace.BaseOperate$1.apply(BaseOperate.java:87)
	at com.okjiaoyu.qa.teacherspace.BaseOperate$1.apply(BaseOperate.java:78)
	at org.openqa.selenium.support.ui.FluentWait.until(FluentWait.java:238)
	... 29 more
]]>
            </full-stacktrace>
          </exception> <!-- org.openqa.selenium.TimeoutException -->
          <reporter-output>
          </reporter-output>
        </test-method> <!-- getUrl -->
      </class> <!-- com.okjiaoyu.qa.teacherspace.cases.LoginCase -->
    </test> <!-- login -->
  </suite> <!-- login case -->
</testng-results>
