<?xml version="1.0" encoding="UTF-8"?>
<!-- Generated by org.testng.reporters.JUnitXMLReporter -->
<testsuite hostname="liuzhanhuideMacBook-Air.local" ignored="2" name="login" tests="1" failures="1" timestamp="23 十一月 2018 02:39:43 GMT" time="10.911" errors="0">
  <testcase name="getUrl" time="10.894" classname="com.okjiaoyu.qa.teacherspace.cases.LoginCase">
    <failure type="org.openqa.selenium.TimeoutException" message="org.openqa.selenium.TimeoutException: Timed out after 10 seconds waiting for com.okjiaoyu.qa.teacherspace.BaseOperate$1@24569dba
Build info: version: &amp;apos;unknown&amp;apos;, revision: &amp;apos;unknown&amp;apos;, time: &amp;apos;unknown&amp;apos;
System info: host: &amp;apos;liuzhanhuideMacBook-Air.local&amp;apos;, ip: &amp;apos;172.16.20.198&amp;apos;, os.name: &amp;apos;Mac OS X&amp;apos;, os.arch: &amp;apos;x86_64&amp;apos;, os.version: &amp;apos;10.12.6&amp;apos;, java.version: &amp;apos;1.8.0_152&amp;apos;
Driver info: org.openqa.selenium.chrome.ChromeDriver
Capabilities [{mobileEmulationEnabled=false, hasTouchScreen=false, platform=MAC, acceptSslCerts=false, goog:chromeOptions={debuggerAddress=localhost:52506}, acceptInsecureCerts=false, webStorageEnabled=true, browserName=chrome, takesScreenshot=true, javascriptEnabled=true, setWindowRect=true, unexpectedAlertBehaviour=, applicationCacheEnabled=false, rotatable=false, networkConnectionEnabled=false, chrome={chromedriverVersion=2.41.578706 (5f725d1b4f0a4acbf5259df887244095596231db), userDataDir=/var/folders/w8/wg1dpxds16gd03ny1kxf10b00000gn/T/.org.chromium.Chromium.fGRQKM}, takesHeapSnapshot=true, pageLoadStrategy=normal, databaseEnabled=false, handlesAlerts=true, version=70.0.3538.102, browserConnectionEnabled=false, nativeEvents=true, locationContextEnabled=true, cssSelectorsEnabled=true}]
Session ID: d3c7ec5c28c02372c7574688a694a563
Build info: version: &amp;apos;unknown&amp;apos;, revision: &amp;apos;unknown&amp;apos;, time: &amp;apos;unknown&amp;apos;
System info: host: &amp;apos;liuzhanhuideMacBook-Air.local&amp;apos;, ip: &amp;apos;172.16.20.198&amp;apos;, os.name: &amp;apos;Mac OS X&amp;apos;, os.arch: &amp;apos;x86_64&amp;apos;, os.version: &amp;apos;10.12.6&amp;apos;, java.version: &amp;apos;1.8.0_152&amp;apos;
Driver info: driver.version: unknown">
      <![CDATA[org.openqa.selenium.TimeoutException: org.openqa.selenium.TimeoutException: Timed out after 10 seconds waiting for com.okjiaoyu.qa.teacherspace.BaseOperate$1@24569dba
Build info: version: 'unknown', revision: 'unknown', time: 'unknown'
System info: host: 'liuzhanhuideMacBook-Air.local', ip: '172.16.20.198', os.name: 'Mac OS X', os.arch: 'x86_64', os.version: '10.12.6', java.version: '1.8.0_152'
Driver info: org.openqa.selenium.chrome.ChromeDriver
Capabilities [{mobileEmulationEnabled=false, hasTouchScreen=false, platform=MAC, acceptSslCerts=false, goog:chromeOptions={debuggerAddress=localhost:52506}, acceptInsecureCerts=false, webStorageEnabled=true, browserName=chrome, takesScreenshot=true, javascriptEnabled=true, setWindowRect=true, unexpectedAlertBehaviour=, applicationCacheEnabled=false, rotatable=false, networkConnectionEnabled=false, chrome={chromedriverVersion=2.41.578706 (5f725d1b4f0a4acbf5259df887244095596231db), userDataDir=/var/folders/w8/wg1dpxds16gd03ny1kxf10b00000gn/T/.org.chromium.Chromium.fGRQKM}, takesHeapSnapshot=true, pageLoadStrategy=normal, databaseEnabled=false, handlesAlerts=true, version=70.0.3538.102, browserConnectionEnabled=false, nativeEvents=true, locationContextEnabled=true, cssSelectorsEnabled=true}]
Session ID: d3c7ec5c28c02372c7574688a694a563
Build info: version: 'unknown', revision: 'unknown', time: 'unknown'
System info: host: 'liuzhanhuideMacBook-Air.local', ip: '172.16.20.198', os.name: 'Mac OS X', os.arch: 'x86_64', os.version: '10.12.6', java.version: '1.8.0_152'
Driver info: driver.version: unknown
	at com.okjiaoyu.qa.teacherspace.BaseOperate.waitforElement(BaseOperate.java:113)
	at com.okjiaoyu.qa.teacherspace.BaseOperate.isPrentElement(BaseOperate.java:136)
	at com.okjiaoyu.qa.teacherspace.page.login.LoginPage.newPasswordEdit(LoginPage.java:30)
	at com.okjiaoyu.qa.teacherspace.service.common.Login.checkLogin(Login.java:25)
	at com.okjiaoyu.qa.teacherspace.cases.LoginCase.getUrl(LoginCase.java:24)
	at com.okjiaoyu.qa.teacherspace.main.MainTest.main(MainTest.java:14)
Caused by: org.openqa.selenium.TimeoutException: Timed out after 10 seconds waiting for com.okjiaoyu.qa.teacherspace.BaseOperate$1@24569dba
Build info: version: 'unknown', revision: 'unknown', time: 'unknown'
System info: host: 'liuzhanhuideMacBook-Air.local', ip: '172.16.20.198', os.name: 'Mac OS X', os.arch: 'x86_64', os.version: '10.12.6', java.version: '1.8.0_152'
Driver info: org.openqa.selenium.chrome.ChromeDriver
Capabilities [{mobileEmulationEnabled=false, hasTouchScreen=false, platform=MAC, acceptSslCerts=false, goog:chromeOptions={debuggerAddress=localhost:52506}, acceptInsecureCerts=false, webStorageEnabled=true, browserName=chrome, takesScreenshot=true, javascriptEnabled=true, setWindowRect=true, unexpectedAlertBehaviour=, applicationCacheEnabled=false, rotatable=false, networkConnectionEnabled=false, chrome={chromedriverVersion=2.41.578706 (5f725d1b4f0a4acbf5259df887244095596231db), userDataDir=/var/folders/w8/wg1dpxds16gd03ny1kxf10b00000gn/T/.org.chromium.Chromium.fGRQKM}, takesHeapSnapshot=true, pageLoadStrategy=normal, databaseEnabled=false, handlesAlerts=true, version=70.0.3538.102, browserConnectionEnabled=false, nativeEvents=true, locationContextEnabled=true, cssSelectorsEnabled=true}]
Session ID: d3c7ec5c28c02372c7574688a694a563
	at org.openqa.selenium.support.ui.WebDriverWait.timeoutException(WebDriverWait.java:80)
	at org.openqa.selenium.support.ui.FluentWait.until(FluentWait.java:261)
	at com.okjiaoyu.qa.teacherspace.BaseOperate.waitforElement(BaseOperate.java:78)
	... 28 more
Caused by: org.openqa.selenium.NoSuchElementException: no such element: Unable to locate element: {"method":"id","selector":"new-password"}
  (Session info: chrome=70.0.3538.102)
  (Driver info: chromedriver=2.41.578706 (5f725d1b4f0a4acbf5259df887244095596231db),platform=Mac OS X 10.12.6 x86_64) (WARNING: The server did not provide any stacktrace information)
Command duration or timeout: 15 milliseconds
For documentation on this error, please visit: http://seleniumhq.org/exceptions/no_such_element.html
Build info: version: 'unknown', revision: 'unknown', time: 'unknown'
System info: host: 'liuzhanhuideMacBook-Air.local', ip: '172.16.20.198', os.name: 'Mac OS X', os.arch: 'x86_64', os.version: '10.12.6', java.version: '1.8.0_152'
Driver info: org.openqa.selenium.chrome.ChromeDriver
Capabilities [{mobileEmulationEnabled=false, hasTouchScreen=false, platform=MAC, acceptSslCerts=false, goog:chromeOptions={debuggerAddress=localhost:52506}, acceptInsecureCerts=false, webStorageEnabled=true, browserName=chrome, takesScreenshot=true, javascriptEnabled=true, setWindowRect=true, unexpectedAlertBehaviour=, applicationCacheEnabled=false, rotatable=false, networkConnectionEnabled=false, chrome={chromedriverVersion=2.41.578706 (5f725d1b4f0a4acbf5259df887244095596231db), userDataDir=/var/folders/w8/wg1dpxds16gd03ny1kxf10b00000gn/T/.org.chromium.Chromium.fGRQKM}, takesHeapSnapshot=true, pageLoadStrategy=normal, databaseEnabled=false, handlesAlerts=true, version=70.0.3538.102, browserConnectionEnabled=false, nativeEvents=true, locationContextEnabled=true, cssSelectorsEnabled=true}]
Session ID: d3c7ec5c28c02372c7574688a694a563
*** Element info: {Using=id, value=new-password}
	at org.openqa.selenium.remote.ErrorHandler.createThrowable(ErrorHandler.java:206)
	at org.openqa.selenium.remote.ErrorHandler.throwIfResponseFailed(ErrorHandler.java:158)
	at org.openqa.selenium.remote.RemoteWebDriver.execute(RemoteWebDriver.java:678)
	at org.openqa.selenium.remote.RemoteWebDriver.findElement(RemoteWebDriver.java:363)
	at org.openqa.selenium.remote.RemoteWebDriver.findElementById(RemoteWebDriver.java:413)
	at org.openqa.selenium.By$ById.findElement(By.java:218)
	at org.openqa.selenium.remote.RemoteWebDriver.findElement(RemoteWebDriver.java:355)
	at com.okjiaoyu.qa.teacherspace.BaseOperate$1.apply(BaseOperate.java:87)
	at com.okjiaoyu.qa.teacherspace.BaseOperate$1.apply(BaseOperate.java:78)
	at org.openqa.selenium.support.ui.FluentWait.until(FluentWait.java:238)
	... 29 more
... Removed 26 stack frames]]>
    </failure>
  </testcase> <!-- getUrl -->
  <testcase name="@BeforeSuite initHelper" time="0.0" classname="com.okjiaoyu.qa.teacherspace.cases.BaseCase">
    <ignored/>
  </testcase> <!-- @BeforeSuite initHelper -->
  <testcase name="@AfterSuite close" time="0.0" classname="com.okjiaoyu.qa.teacherspace.cases.BaseCase">
    <ignored/>
  </testcase> <!-- @AfterSuite close -->
</testsuite> <!-- login -->
